  dllmain.cpp
C:\Users\admin\source\repos\ACHook\ACHook\dllmain.cpp(14,20): warning C4018: "<": niezgodność typu ze znakiem/bez znaku
C:\Users\admin\source\repos\ACHook\ACHook\dllmain.cpp(89,41): warning C4244: "=": konwersja z "double" do "float", możliwa utrata danych
C:\Users\admin\source\repos\ACHook\ACHook\dllmain.cpp(90,43): warning C4244: "=": konwersja z "double" do "float", możliwa utrata danych
C:\Users\admin\source\repos\ACHook\ACHook\dllmain.cpp(299,10): warning C4305: "inicjowanie": obcięcie z "double" do "float"
C:\Users\admin\source\repos\ACHook\ACHook\dllmain.cpp(393,9): warning C4005: "min": ponowna definicja makra
C:\Users\admin\source\repos\ACHook\ACHook\dllmain.cpp(455,13): warning C4552: „+”: Wynik wyrażenia nie jest używany
  imgui.cpp
  imgui_demo.cpp
  imgui_draw.cpp
  imgui_impl_opengl2.cpp
  imgui_impl_win32.cpp
  imgui_tables.cpp
  imgui_widgets.cpp
  imgui_hook.cpp
C:\Users\admin\source\repos\ACHook\ACHook\include\imgui_hook.cpp(42,9): warning C4003: zbyt mało argumentów wywołania makra podobnego do funkcji „_VOID_1”
C:\Users\admin\source\repos\ACHook\ACHook\include\imgui_hook.cpp(115,7): warning C4003: zbyt mało argumentów wywołania makra podobnego do funkcji „_VOID_2”
C:\Users\admin\source\repos\ACHook\ACHook\include\imgui_hook.cpp(115,7): warning C4003: zbyt mało argumentów wywołania makra podobnego do funkcji „_VOID_1”
C:\Users\admin\source\repos\ACHook\ACHook\include\imgui_hook.cpp(116,7): warning C4003: zbyt mało argumentów wywołania makra podobnego do funkcji „_VOID_1”
C:\Users\admin\source\repos\ACHook\ACHook\include\imgui_hook.cpp(122,28): warning C4805: "&=": niebezpieczne połączenie typu "bool" oraz typu "BOOL" w operacji
C:\Users\admin\source\repos\ACHook\ACHook\include\imgui_hook.cpp(122,28): warning C4805: "&": niebezpieczne połączenie typu "bool" oraz typu "BOOL" w operacji
C:\Users\admin\source\repos\ACHook\ACHook\include\imgui_hook.cpp(128,28): warning C4805: "&=": niebezpieczne połączenie typu "bool" oraz typu "BOOL" w operacji
C:\Users\admin\source\repos\ACHook\ACHook\include\imgui_hook.cpp(128,28): warning C4805: "&": niebezpieczne połączenie typu "bool" oraz typu "BOOL" w operacji
C:\Users\admin\source\repos\ACHook\ACHook\include\imgui_hook.cpp(163,7): warning C4003: zbyt mało argumentów wywołania makra podobnego do funkcji „_VOID_1”
  kiero.cpp
C:\Users\admin\source\repos\ACHook\ACHook\include\kiero\kiero.cpp(566,22): warning C4018: "<": niezgodność typu ze znakiem/bez znaku
  buffer.c
  hde32.c
  hde64.c
  hook.c
  trampoline.c
  Trwa generowanie kodu
  Previous IPDB not found, fall back to full compilation.
  All 1504 functions were compiled because no usable IPDB/IOBJ from previous compilation was found.
  Zakończono generowanie kodu
  ACHook.vcxproj -> C:\Users\admin\source\repos\ACHook\Release\ACHook.dll
